Using pre-set license
Built from '2020.3/staging' branch; Version is '2020.3.11f1 (99c7afb366b3) revision 10078127'; Using compiler version '192528614'; Build Type 'Release'
OS: 'Windows 10 Pro; OS build 19041.1288; Version 2004; 64bit' Language: 'es' Physical Memory: 16317 MB
BatchMode: 1, IsHumanControllingUs: 0, StartBugReporterOnCrash: 0, Is64bit: 1, IsPro: 0

 COMMAND LINE ARGUMENTS:
D:\Programas\VersionesUnity\2020.3.11f1\Editor\Unity.exe
-adb2
-batchMode
-noUpm
-name
AssetImportWorker0
-projectPath
D:/Uni/Cuarto/Xarxes i jocs online/Projects/Online Xat/New Unity Project
-logFile
Logs/AssetImportWorker0.log
-srvPort
59160
Successfully changed project path to: D:/Uni/Cuarto/Xarxes i jocs online/Projects/Online Xat/New Unity Project
D:/Uni/Cuarto/Xarxes i jocs online/Projects/Online Xat/New Unity Project
Using Asset Import Pipeline V2.
Refreshing native plugins compatible for Editor in 25.69 ms, found 2 plugins.
Preloading 0 native plugins for Editor in 0.00 ms.
Initialize engine version: 2020.3.11f1 (99c7afb366b3)
[Subsystems] Discovering subsystems at path D:/Programas/VersionesUnity/2020.3.11f1/Editor/Data/Resources/UnitySubsystems
[Subsystems] Discovering subsystems at path D:/Uni/Cuarto/Xarxes i jocs online/Projects/Online Xat/New Unity Project/Assets
GfxDevice: creating device client; threaded=0
Direct3D:
    Version:  Direct3D 11.0 [level 11.1]
    Renderer: NVIDIA GeForce GTX 1070 (ID=0x1b81)
    Vendor:   
    VRAM:     8088 MB
    Driver:   30.0.14.9649
Initialize mono
Mono path[0] = 'D:/Programas/VersionesUnity/2020.3.11f1/Editor/Data/Managed'
Mono path[1] = 'D:/Programas/VersionesUnity/2020.3.11f1/Editor/Data/MonoBleedingEdge/lib/mono/unityjit'
Mono config path = 'D:/Programas/VersionesUnity/2020.3.11f1/Editor/Data/MonoBleedingEdge/etc'
Using monoOptions --debugger-agent=transport=dt_socket,embedding=1,server=y,suspend=n,address=127.0.0.1:56588
Begin MonoManager ReloadAssembly
Registering precompiled unity dll's ...
Register platform support module: D:/Programas/VersionesUnity/2020.3.11f1/Editor/Data/PlaybackEngines/WindowsStandaloneSupport/UnityEditor.WindowsStandalone.Extensions.dll
Registered in 0.001089 seconds.
Native extension for WindowsStandalone target not found
Refreshing native plugins compatible for Editor in 24.15 ms, found 2 plugins.
Preloading 0 native plugins for Editor in 0.00 ms.
Mono: successfully reloaded assembly
- Completed reload, in  0.833 seconds
Platform modules already initialized, skipping
Registering precompiled user dll's ...
Registered in 0.002733 seconds.
Begin MonoManager ReloadAssembly
Native extension for WindowsStandalone target not found
Refreshing native plugins compatible for Editor in 0.28 ms, found 2 plugins.
Preloading 0 native plugins for Editor in 0.00 ms.
Mono: successfully reloaded assembly
- Completed reload, in  0.894 seconds
Platform modules already initialized, skipping
========================================================================
Worker process is ready to serve import requests
Launched and connected shader compiler UnityShaderCompiler.exe after 0.06 seconds
Refreshing native plugins compatible for Editor in 0.63 ms, found 2 plugins.
Preloading 0 native plugins for Editor in 0.00 ms.
Unloading 1436 Unused Serialized files (Serialized files now loaded: 0)
System memory in use before: 67.7 MB.
System memory in use after: 67.8 MB.

Unloading 18 unused Assets to reduce memory usage. Loaded Objects now: 1871.
Total: 1.831100 ms (FindLiveObjects: 0.151400 ms CreateObjectMapping: 0.057200 ms MarkObjects: 1.554500 ms  DeleteObjects: 0.066800 ms)

========================================================================
Received Import Request.
  path: Assets/Scripts
  artifactKey: Guid(d0f02770178035c48aa2219949adb608) Importer(815301076,1909f56bfc062723c751e8b465ee728b)
Start importing Assets/Scripts using Guid(d0f02770178035c48aa2219949adb608) Importer(815301076,1909f56bfc062723c751e8b465ee728b)  -> (artifact id: '8915999b21a5153201eb138729df191d') in 0.008951 seconds
  Import took 0.011579 seconds .

========================================================================
Received Import Request.
  Time since last request: 28.134998 seconds.
  path: Assets/Scripts/Server.cs
  artifactKey: Guid(40b8d0dac513f7345af8bae3a16cf28a) Importer(815301076,1909f56bfc062723c751e8b465ee728b)
Start importing Assets/Scripts/Server.cs using Guid(40b8d0dac513f7345af8bae3a16cf28a) Importer(815301076,1909f56bfc062723c751e8b465ee728b)  -> (artifact id: '6f48e872adab9ae80aaec299475e678c') in 0.045643 seconds
  Import took 0.048312 seconds .

========================================================================
Received Import Request.
  Time since last request: 0.650193 seconds.
  path: Assets/Scripts/Server.cs
  artifactKey: Guid(40b8d0dac513f7345af8bae3a16cf28a) Importer(815301076,1909f56bfc062723c751e8b465ee728b)
Start importing Assets/Scripts/Server.cs using Guid(40b8d0dac513f7345af8bae3a16cf28a) Importer(815301076,1909f56bfc062723c751e8b465ee728b)  -> (artifact id: '6f48e872adab9ae80aaec299475e678c') in 0.002771 seconds
  Import took 0.005236 seconds .

========================================================================
Received Prepare
Registering precompiled user dll's ...
Registered in 0.002620 seconds.
Begin MonoManager ReloadAssembly
Native extension for WindowsStandalone target not found
Refreshing native plugins compatible for Editor in 0.27 ms, found 2 plugins.
Preloading 0 native plugins for Editor in 0.00 ms.
Mono: successfully reloaded assembly
- Completed reload, in  0.845 seconds
Platform modules already initialized, skipping
Refreshing native plugins compatible for Editor in 0.41 ms, found 2 plugins.
Preloading 0 native plugins for Editor in 0.00 ms.
Unloading 1417 Unused Serialized files (Serialized files now loaded: 0)
System memory in use before: 66.3 MB.
System memory in use after: 66.4 MB.

Unloading 13 unused Assets to reduce memory usage. Loaded Objects now: 1874.
Total: 1.804900 ms (FindLiveObjects: 0.141400 ms CreateObjectMapping: 0.038600 ms MarkObjects: 1.609000 ms  DeleteObjects: 0.015100 ms)

